<?xml version="1.0" encoding="UTF-8"?>
<!-- Generated by org.testng.reporters.JUnitReportReporter -->
<testsuite hostname="DESKTOP-U1D7CD9" failures="0" tests="1" name="com.selenium.practice.AppTest" time="0.005" errors="0" timestamp="2023-07-18T21:01:09 EDT" skipped="0">
  <testcase classname="com.selenium.practice.AppTest" name="shouldAnswerWithTrue" time="0.005"/>
</testsuite> <!-- com.selenium.practice.AppTest -->
